Performing C SOURCE FILE Test CMAKE_HAVE_LIBC_PTHREAD failed with the following output:
Change Dir: /home/nike4192/c++/glfw-3.3.4/CMakeFiles/CMakeTmp

Run Build Command(s):/usr/bin/make cmTC_7554a/fast && /usr/bin/make -f CMakeFiles/cmTC_7554a.dir/build.make CMakeFiles/cmTC_7554a.dir/build
make[1]: вход в каталог «/home/nike4192/c++/glfw-3.3.4/CMakeFiles/CMakeTmp»
Building C object CMakeFiles/cmTC_7554a.dir/src.c.o
/usr/bin/cc   -DCMAKE_HAVE_LIBC_PTHREAD   -o CMakeFiles/cmTC_7554a.dir/src.c.o   -c /home/nike4192/c++/glfw-3.3.4/CMakeFiles/CMakeTmp/src.c
Linking C executable cmTC_7554a
/usr/bin/cmake -E cmake_link_script CMakeFiles/cmTC_7554a.dir/link.txt --verbose=1
/usr/bin/cc  -DCMAKE_HAVE_LIBC_PTHREAD    -rdynamic CMakeFiles/cmTC_7554a.dir/src.c.o  -o cmTC_7554a 
/usr/bin/ld: CMakeFiles/cmTC_7554a.dir/src.c.o: в функции «main»:
src.c:(.text+0x46): неопределённая ссылка на «pthread_create»
/usr/bin/ld: src.c:(.text+0x52): неопределённая ссылка на «pthread_detach»
/usr/bin/ld: src.c:(.text+0x63): неопределённая ссылка на «pthread_join»
collect2: error: ld returned 1 exit status
make[1]: *** [CMakeFiles/cmTC_7554a.dir/build.make:87: cmTC_7554a] Ошибка 1
make[1]: выход из каталога «/home/nike4192/c++/glfw-3.3.4/CMakeFiles/CMakeTmp»
make: *** [Makefile:121: cmTC_7554a/fast] Ошибка 2


Source file was:
#include <pthread.h>

void* test_func(void* data)
{
  return data;
}

int main(void)
{
  pthread_t thread;
  pthread_create(&thread, NULL, test_func, NULL);
  pthread_detach(thread);
  pthread_join(thread, NULL);
  pthread_atfork(NULL, NULL, NULL);
  pthread_exit(NULL);

  return 0;
}

Determining if the function pthread_create exists in the pthreads failed with the following output:
Change Dir: /home/nike4192/c++/glfw-3.3.4/CMakeFiles/CMakeTmp

Run Build Command(s):/usr/bin/make cmTC_84411/fast && /usr/bin/make -f CMakeFiles/cmTC_84411.dir/build.make CMakeFiles/cmTC_84411.dir/build
make[1]: вход в каталог «/home/nike4192/c++/glfw-3.3.4/CMakeFiles/CMakeTmp»
Building C object CMakeFiles/cmTC_84411.dir/CheckFunctionExists.c.o
/usr/bin/cc   -DCHECK_FUNCTION_EXISTS=pthread_create   -o CMakeFiles/cmTC_84411.dir/CheckFunctionExists.c.o   -c /usr/share/cmake-3.16/Modules/CheckFunctionExists.c
Linking C executable cmTC_84411
/usr/bin/cmake -E cmake_link_script CMakeFiles/cmTC_84411.dir/link.txt --verbose=1
/usr/bin/cc  -DCHECK_FUNCTION_EXISTS=pthread_create    -rdynamic CMakeFiles/cmTC_84411.dir/CheckFunctionExists.c.o  -o cmTC_84411  -lpthreads 
/usr/bin/ld: невозможно найти -lpthreads
collect2: error: ld returned 1 exit status
make[1]: *** [CMakeFiles/cmTC_84411.dir/build.make:87: cmTC_84411] Ошибка 1
make[1]: выход из каталога «/home/nike4192/c++/glfw-3.3.4/CMakeFiles/CMakeTmp»
make: *** [Makefile:121: cmTC_84411/fast] Ошибка 2



